2017-11-26 18:15:28,678 [Worker-1] INFO  c.g.t.t.d.PublishedGradleVersions - Gradle version information cache is up-to-date. Trying to read.
2017-11-26 18:20:25,408 [Worker-11] INFO  o.e.m.c.i.l.LifecycleMappingFactory - Using org.maven.ide.eclipse.wtp.WarLifecycleMapping lifecycle mapping for MavenProject: CoffeeShop:CoffeeShop:0.0.1-SNAPSHOT @ C:\Users\hbm1\Desktop\CoffeeShop\CoffeeShop\pom.xml.
2017-11-26 18:20:26,793 [Worker-3] WARN  o.e.m.c.i.embedder.EclipseLogger - Using platform encoding (Cp1252 actually) to copy filtered resources, i.e. build is platform dependent!
2017-11-26 18:20:26,796 [Worker-3] INFO  o.e.m.c.i.embedder.EclipseLogger - skip non existing resourceDirectory C:\Users\hbm1\Desktop\CoffeeShop\CoffeeShop\src\main\resources
2017-11-26 18:20:26,801 [Worker-3] WARN  o.e.m.c.i.embedder.EclipseLogger - Using platform encoding (Cp1252 actually) to copy filtered resources, i.e. build is platform dependent!
2017-11-26 18:20:26,803 [Worker-3] INFO  o.e.m.c.i.embedder.EclipseLogger - skip non existing resourceDirectory C:\Users\hbm1\Desktop\CoffeeShop\CoffeeShop\src\test\resources
2017-11-26 18:20:26,843 [Worker-11] INFO  o.e.m.j.i.AbstractJavaProjectConfigurator - Adding source folder /CoffeeShop/src
2017-11-26 18:20:26,845 [Worker-11] INFO  o.e.m.j.i.AbstractJavaProjectConfigurator - Not adding source folder /CoffeeShop/src/test/java because it overlaps with /CoffeeShop/src
2017-11-26 18:20:27,735 [Worker-11] INFO  o.e.m.c.i.p.ProjectConfigurationManager - Update started
2017-11-26 18:20:28,247 [Worker-11] INFO  o.e.m.c.i.l.LifecycleMappingFactory - Using org.maven.ide.eclipse.wtp.WarLifecycleMapping lifecycle mapping for MavenProject: CoffeeShop:CoffeeShop:0.0.1-SNAPSHOT @ C:\Users\hbm1\Desktop\CoffeeShop\CoffeeShop\pom.xml.
2017-11-26 18:20:29,126 [Worker-3] WARN  o.e.m.c.i.embedder.EclipseLogger - Using platform encoding (Cp1252 actually) to copy filtered resources, i.e. build is platform dependent!
2017-11-26 18:20:29,128 [Worker-3] INFO  o.e.m.c.i.embedder.EclipseLogger - skip non existing resourceDirectory C:\Users\hbm1\Desktop\CoffeeShop\CoffeeShop\src\main\resources
2017-11-26 18:20:29,130 [Worker-3] WARN  o.e.m.c.i.embedder.EclipseLogger - Using platform encoding (Cp1252 actually) to copy filtered resources, i.e. build is platform dependent!
2017-11-26 18:20:29,131 [Worker-3] INFO  o.e.m.c.i.embedder.EclipseLogger - skip non existing resourceDirectory C:\Users\hbm1\Desktop\CoffeeShop\CoffeeShop\src\test\resources
2017-11-26 18:20:29,132 [Worker-3] INFO  o.e.m.w.i.f.ResourceFilteringBuildParticipant - Changed resources require a complete clean of filtered resources of CoffeeShop
2017-11-26 18:20:29,133 [Worker-3] INFO  o.e.m.w.i.f.ResourceFilteringBuildParticipant - Executing resource filtering for CoffeeShop
2017-11-26 18:20:29,156 [Worker-3] WARN  o.e.m.c.i.embedder.EclipseLogger - Using platform encoding (Cp1252 actually) to copy filtered resources, i.e. build is platform dependent!
2017-11-26 18:20:29,204 [Worker-11] INFO  o.e.m.j.i.AbstractJavaProjectConfigurator - Adding source folder /CoffeeShop/src
2017-11-26 18:20:29,205 [Worker-11] INFO  o.e.m.j.i.AbstractJavaProjectConfigurator - Not adding source folder /CoffeeShop/src/test/java because it overlaps with /CoffeeShop/src
2017-11-26 18:20:29,836 [Worker-11] INFO  o.e.m.w.i.f.ResourceFilteringBuildParticipant - Cleaning filtered folder for CoffeeShop
2017-11-26 18:20:29,870 [Worker-11] INFO  o.e.m.c.i.p.ProjectConfigurationManager - Update completed: 2 sec
2017-11-26 18:20:30,244 [Worker-1] WARN  o.e.m.c.i.embedder.EclipseLogger - Using platform encoding (Cp1252 actually) to copy filtered resources, i.e. build is platform dependent!
2017-11-26 18:20:30,246 [Worker-1] INFO  o.e.m.c.i.embedder.EclipseLogger - skip non existing resourceDirectory C:\Users\hbm1\Desktop\CoffeeShop\CoffeeShop\src\main\resources
2017-11-26 18:20:30,249 [Worker-1] WARN  o.e.m.c.i.embedder.EclipseLogger - Using platform encoding (Cp1252 actually) to copy filtered resources, i.e. build is platform dependent!
2017-11-26 18:20:30,251 [Worker-1] INFO  o.e.m.c.i.embedder.EclipseLogger - skip non existing resourceDirectory C:\Users\hbm1\Desktop\CoffeeShop\CoffeeShop\src\test\resources
2017-11-26 18:20:30,252 [Worker-1] INFO  o.e.m.w.i.f.ResourceFilteringBuildParticipant - Changed resources require a complete clean of filtered resources of CoffeeShop
2017-11-26 18:20:30,252 [Worker-1] INFO  o.e.m.w.i.f.ResourceFilteringBuildParticipant - Executing resource filtering for CoffeeShop
2017-11-26 18:20:30,264 [Worker-1] WARN  o.e.m.c.i.embedder.EclipseLogger - Using platform encoding (Cp1252 actually) to copy filtered resources, i.e. build is platform dependent!
2017-11-26 18:23:22,501 [Worker-19] INFO  o.e.m.c.i.l.LifecycleMappingFactory - Using org.maven.ide.eclipse.wtp.WarLifecycleMapping lifecycle mapping for MavenProject: CoffeeShop:CoffeeShop:0.0.1-SNAPSHOT @ C:\Users\hbm1\Desktop\CoffeeShop\CoffeeShop\pom.xml.
2017-11-26 18:23:23,522 [Worker-19] WARN  o.e.m.c.i.embedder.EclipseLogger - Using platform encoding (Cp1252 actually) to copy filtered resources, i.e. build is platform dependent!
2017-11-26 18:23:23,523 [Worker-19] INFO  o.e.m.c.i.embedder.EclipseLogger - skip non existing resourceDirectory C:\Users\hbm1\Desktop\CoffeeShop\CoffeeShop\src\main\resources
2017-11-26 18:23:23,525 [Worker-19] WARN  o.e.m.c.i.embedder.EclipseLogger - Using platform encoding (Cp1252 actually) to copy filtered resources, i.e. build is platform dependent!
2017-11-26 18:23:23,527 [Worker-19] INFO  o.e.m.c.i.embedder.EclipseLogger - skip non existing resourceDirectory C:\Users\hbm1\Desktop\CoffeeShop\CoffeeShop\src\test\resources
2017-11-26 18:23:23,528 [Worker-19] INFO  o.e.m.w.i.f.ResourceFilteringBuildParticipant - Changed resources require a complete clean of filtered resources of CoffeeShop
2017-11-26 18:23:23,528 [Worker-19] INFO  o.e.m.w.i.f.ResourceFilteringBuildParticipant - Executing resource filtering for CoffeeShop
2017-11-26 18:23:23,536 [Worker-19] WARN  o.e.m.c.i.embedder.EclipseLogger - Using platform encoding (Cp1252 actually) to copy filtered resources, i.e. build is platform dependent!
2017-11-26 18:26:39,710 [Worker-11] WARN  o.e.m.c.i.embedder.EclipseLogger - Using platform encoding (Cp1252 actually) to copy filtered resources, i.e. build is platform dependent!
2017-11-26 18:26:39,711 [Worker-11] INFO  o.e.m.c.i.embedder.EclipseLogger - skip non existing resourceDirectory C:\Users\hbm1\Desktop\CoffeeShop\CoffeeShop\src\main\resources
2017-11-26 18:26:39,713 [Worker-11] WARN  o.e.m.c.i.embedder.EclipseLogger - Using platform encoding (Cp1252 actually) to copy filtered resources, i.e. build is platform dependent!
2017-11-26 18:26:39,714 [Worker-11] INFO  o.e.m.c.i.embedder.EclipseLogger - skip non existing resourceDirectory C:\Users\hbm1\Desktop\CoffeeShop\CoffeeShop\src\test\resources
2017-11-26 18:28:26,463 [Worker-11] WARN  o.e.m.c.i.embedder.EclipseLogger - Using platform encoding (Cp1252 actually) to copy filtered resources, i.e. build is platform dependent!
2017-11-26 18:28:26,465 [Worker-11] INFO  o.e.m.c.i.embedder.EclipseLogger - skip non existing resourceDirectory C:\Users\hbm1\Desktop\CoffeeShop\CoffeeShop\src\main\resources
2017-11-26 18:28:26,467 [Worker-11] WARN  o.e.m.c.i.embedder.EclipseLogger - Using platform encoding (Cp1252 actually) to copy filtered resources, i.e. build is platform dependent!
2017-11-26 18:28:26,469 [Worker-11] INFO  o.e.m.c.i.embedder.EclipseLogger - skip non existing resourceDirectory C:\Users\hbm1\Desktop\CoffeeShop\CoffeeShop\src\test\resources
2017-11-26 18:32:25,321 [Worker-25] WARN  o.e.m.c.i.embedder.EclipseLogger - Using platform encoding (Cp1252 actually) to copy filtered resources, i.e. build is platform dependent!
2017-11-26 18:32:25,323 [Worker-25] INFO  o.e.m.c.i.embedder.EclipseLogger - skip non existing resourceDirectory C:\Users\hbm1\Desktop\CoffeeShop\CoffeeShop\src\main\resources
2017-11-26 18:32:25,324 [Worker-25] WARN  o.e.m.c.i.embedder.EclipseLogger - Using platform encoding (Cp1252 actually) to copy filtered resources, i.e. build is platform dependent!
2017-11-26 18:32:25,326 [Worker-25] INFO  o.e.m.c.i.embedder.EclipseLogger - skip non existing resourceDirectory C:\Users\hbm1\Desktop\CoffeeShop\CoffeeShop\src\test\resources
2017-11-26 18:32:57,321 [Worker-21] WARN  o.e.m.c.i.embedder.EclipseLogger - Using platform encoding (Cp1252 actually) to copy filtered resources, i.e. build is platform dependent!
2017-11-26 18:32:57,324 [Worker-21] INFO  o.e.m.c.i.embedder.EclipseLogger - skip non existing resourceDirectory C:\Users\hbm1\Desktop\CoffeeShop\CoffeeShop\src\main\resources
2017-11-26 18:32:57,325 [Worker-21] WARN  o.e.m.c.i.embedder.EclipseLogger - Using platform encoding (Cp1252 actually) to copy filtered resources, i.e. build is platform dependent!
2017-11-26 18:32:57,327 [Worker-21] INFO  o.e.m.c.i.embedder.EclipseLogger - skip non existing resourceDirectory C:\Users\hbm1\Desktop\CoffeeShop\CoffeeShop\src\test\resources
2017-11-26 18:40:34,375 [Worker-28] WARN  o.e.m.c.i.embedder.EclipseLogger - Using platform encoding (Cp1252 actually) to copy filtered resources, i.e. build is platform dependent!
2017-11-26 18:40:34,376 [Worker-28] INFO  o.e.m.c.i.embedder.EclipseLogger - skip non existing resourceDirectory C:\Users\hbm1\Desktop\CoffeeShop\CoffeeShop\src\main\resources
2017-11-26 18:40:34,377 [Worker-28] WARN  o.e.m.c.i.embedder.EclipseLogger - Using platform encoding (Cp1252 actually) to copy filtered resources, i.e. build is platform dependent!
2017-11-26 18:40:34,378 [Worker-28] INFO  o.e.m.c.i.embedder.EclipseLogger - skip non existing resourceDirectory C:\Users\hbm1\Desktop\CoffeeShop\CoffeeShop\src\test\resources
2017-11-26 18:42:06,844 [Worker-26] WARN  o.e.m.c.i.embedder.EclipseLogger - Using platform encoding (Cp1252 actually) to copy filtered resources, i.e. build is platform dependent!
2017-11-26 18:42:06,845 [Worker-26] INFO  o.e.m.c.i.embedder.EclipseLogger - skip non existing resourceDirectory C:\Users\hbm1\Desktop\CoffeeShop\CoffeeShop\src\main\resources
2017-11-26 18:42:06,847 [Worker-26] WARN  o.e.m.c.i.embedder.EclipseLogger - Using platform encoding (Cp1252 actually) to copy filtered resources, i.e. build is platform dependent!
2017-11-26 18:42:06,848 [Worker-26] INFO  o.e.m.c.i.embedder.EclipseLogger - skip non existing resourceDirectory C:\Users\hbm1\Desktop\CoffeeShop\CoffeeShop\src\test\resources
2017-11-26 18:44:11,570 [Worker-32] WARN  o.e.m.c.i.embedder.EclipseLogger - Using platform encoding (Cp1252 actually) to copy filtered resources, i.e. build is platform dependent!
2017-11-26 18:44:11,572 [Worker-32] INFO  o.e.m.c.i.embedder.EclipseLogger - skip non existing resourceDirectory C:\Users\hbm1\Desktop\CoffeeShop\CoffeeShop\src\main\resources
2017-11-26 18:44:11,573 [Worker-32] WARN  o.e.m.c.i.embedder.EclipseLogger - Using platform encoding (Cp1252 actually) to copy filtered resources, i.e. build is platform dependent!
2017-11-26 18:44:11,574 [Worker-32] INFO  o.e.m.c.i.embedder.EclipseLogger - skip non existing resourceDirectory C:\Users\hbm1\Desktop\CoffeeShop\CoffeeShop\src\test\resources
2017-11-26 18:44:36,237 [Worker-34] WARN  o.e.m.c.i.embedder.EclipseLogger - Using platform encoding (Cp1252 actually) to copy filtered resources, i.e. build is platform dependent!
2017-11-26 18:44:36,239 [Worker-34] INFO  o.e.m.c.i.embedder.EclipseLogger - skip non existing resourceDirectory C:\Users\hbm1\Desktop\CoffeeShop\CoffeeShop\src\main\resources
2017-11-26 18:44:36,311 [Worker-34] WARN  o.e.m.c.i.embedder.EclipseLogger - Using platform encoding (Cp1252 actually) to copy filtered resources, i.e. build is platform dependent!
2017-11-26 18:44:36,315 [Worker-34] INFO  o.e.m.c.i.embedder.EclipseLogger - skip non existing resourceDirectory C:\Users\hbm1\Desktop\CoffeeShop\CoffeeShop\src\test\resources
2017-11-26 18:45:35,629 [Worker-26] WARN  o.e.m.c.i.embedder.EclipseLogger - Using platform encoding (Cp1252 actually) to copy filtered resources, i.e. build is platform dependent!
2017-11-26 18:45:35,631 [Worker-26] INFO  o.e.m.c.i.embedder.EclipseLogger - skip non existing resourceDirectory C:\Users\hbm1\Desktop\CoffeeShop\CoffeeShop\src\main\resources
2017-11-26 18:45:35,633 [Worker-26] WARN  o.e.m.c.i.embedder.EclipseLogger - Using platform encoding (Cp1252 actually) to copy filtered resources, i.e. build is platform dependent!
2017-11-26 18:45:35,634 [Worker-26] INFO  o.e.m.c.i.embedder.EclipseLogger - skip non existing resourceDirectory C:\Users\hbm1\Desktop\CoffeeShop\CoffeeShop\src\test\resources
2017-11-26 18:48:33,908 [Worker-26] WARN  o.e.m.c.i.embedder.EclipseLogger - Using platform encoding (Cp1252 actually) to copy filtered resources, i.e. build is platform dependent!
2017-11-26 18:48:33,910 [Worker-26] INFO  o.e.m.c.i.embedder.EclipseLogger - skip non existing resourceDirectory C:\Users\hbm1\Desktop\CoffeeShop\CoffeeShop\src\main\resources
2017-11-26 18:48:33,911 [Worker-26] WARN  o.e.m.c.i.embedder.EclipseLogger - Using platform encoding (Cp1252 actually) to copy filtered resources, i.e. build is platform dependent!
2017-11-26 18:48:33,912 [Worker-26] INFO  o.e.m.c.i.embedder.EclipseLogger - skip non existing resourceDirectory C:\Users\hbm1\Desktop\CoffeeShop\CoffeeShop\src\test\resources
2017-11-26 18:51:37,366 [Worker-34] WARN  o.e.m.c.i.embedder.EclipseLogger - Using platform encoding (Cp1252 actually) to copy filtered resources, i.e. build is platform dependent!
2017-11-26 18:51:37,389 [Worker-34] INFO  o.e.m.c.i.embedder.EclipseLogger - skip non existing resourceDirectory C:\Users\hbm1\Desktop\CoffeeShop\CoffeeShop\src\main\resources
2017-11-26 18:51:37,395 [Worker-34] WARN  o.e.m.c.i.embedder.EclipseLogger - Using platform encoding (Cp1252 actually) to copy filtered resources, i.e. build is platform dependent!
2017-11-26 18:51:37,396 [Worker-34] INFO  o.e.m.c.i.embedder.EclipseLogger - skip non existing resourceDirectory C:\Users\hbm1\Desktop\CoffeeShop\CoffeeShop\src\test\resources
2017-11-26 19:28:24,221 [Worker-40] WARN  o.e.m.c.i.embedder.EclipseLogger - Using platform encoding (Cp1252 actually) to copy filtered resources, i.e. build is platform dependent!
2017-11-26 19:28:24,223 [Worker-40] INFO  o.e.m.c.i.embedder.EclipseLogger - skip non existing resourceDirectory C:\Users\hbm1\Desktop\CoffeeShop\CoffeeShop\src\main\resources
2017-11-26 19:28:24,224 [Worker-40] WARN  o.e.m.c.i.embedder.EclipseLogger - Using platform encoding (Cp1252 actually) to copy filtered resources, i.e. build is platform dependent!
2017-11-26 19:28:24,226 [Worker-40] INFO  o.e.m.c.i.embedder.EclipseLogger - skip non existing resourceDirectory C:\Users\hbm1\Desktop\CoffeeShop\CoffeeShop\src\test\resources
2017-11-26 19:30:12,480 [main] INFO  o.e.m2e.actions.ExecutePomAction - Creating new launch configuration
2017-11-26 19:30:28,599 [Worker-44] INFO  o.e.m.i.launch.MavenLaunchDelegate - C:\Users\hbm1\Desktop\CoffeeShop\CoffeeShop
2017-11-26 19:30:28,601 [Worker-44] INFO  o.e.m.i.launch.MavenLaunchDelegate -  mvn -B 
2017-11-26 19:30:58,864 [main] INFO  o.e.m2e.actions.ExecutePomAction - Creating new launch configuration
2017-11-26 19:31:07,423 [Worker-47] INFO  o.e.m.i.launch.MavenLaunchDelegate - C:\Users\hbm1\Desktop\CoffeeShop\CoffeeShop
2017-11-26 19:31:07,424 [Worker-47] INFO  o.e.m.i.launch.MavenLaunchDelegate -  mvn -B clean install
2017-11-26 19:31:30,327 [Worker-48] WARN  o.e.m.c.i.embedder.EclipseLogger - Using platform encoding (Cp1252 actually) to copy filtered resources, i.e. build is platform dependent!
2017-11-26 19:31:30,328 [Worker-48] INFO  o.e.m.c.i.embedder.EclipseLogger - skip non existing resourceDirectory C:\Users\hbm1\Desktop\CoffeeShop\CoffeeShop\src\main\resources
2017-11-26 19:31:30,330 [Worker-48] WARN  o.e.m.c.i.embedder.EclipseLogger - Using platform encoding (Cp1252 actually) to copy filtered resources, i.e. build is platform dependent!
2017-11-26 19:31:30,331 [Worker-48] INFO  o.e.m.c.i.embedder.EclipseLogger - skip non existing resourceDirectory C:\Users\hbm1\Desktop\CoffeeShop\CoffeeShop\src\test\resources
2017-11-26 19:32:06,409 [Worker-50] WARN  o.e.m.c.i.embedder.EclipseLogger - Using platform encoding (Cp1252 actually) to copy filtered resources, i.e. build is platform dependent!
2017-11-26 19:32:06,410 [Worker-50] INFO  o.e.m.c.i.embedder.EclipseLogger - skip non existing resourceDirectory C:\Users\hbm1\Desktop\CoffeeShop\CoffeeShop\src\main\resources
2017-11-26 19:32:06,411 [Worker-50] WARN  o.e.m.c.i.embedder.EclipseLogger - Using platform encoding (Cp1252 actually) to copy filtered resources, i.e. build is platform dependent!
2017-11-26 19:32:06,412 [Worker-50] INFO  o.e.m.c.i.embedder.EclipseLogger - skip non existing resourceDirectory C:\Users\hbm1\Desktop\CoffeeShop\CoffeeShop\src\test\resources
2017-11-26 20:48:55,613 [Worker-72] WARN  o.e.m.c.i.embedder.EclipseLogger - Using platform encoding (Cp1252 actually) to copy filtered resources, i.e. build is platform dependent!
2017-11-26 20:48:55,617 [Worker-72] INFO  o.e.m.c.i.embedder.EclipseLogger - skip non existing resourceDirectory C:\Users\hbm1\Desktop\CoffeeShop\CoffeeShop\src\main\resources
2017-11-26 20:48:55,620 [Worker-72] WARN  o.e.m.c.i.embedder.EclipseLogger - Using platform encoding (Cp1252 actually) to copy filtered resources, i.e. build is platform dependent!
2017-11-26 20:48:55,621 [Worker-72] INFO  o.e.m.c.i.embedder.EclipseLogger - skip non existing resourceDirectory C:\Users\hbm1\Desktop\CoffeeShop\CoffeeShop\src\test\resources
2017-11-26 21:17:44,100 [Worker-79] WARN  o.e.m.c.i.embedder.EclipseLogger - Using platform encoding (Cp1252 actually) to copy filtered resources, i.e. build is platform dependent!
2017-11-26 21:17:44,102 [Worker-79] INFO  o.e.m.c.i.embedder.EclipseLogger - skip non existing resourceDirectory C:\Users\hbm1\Desktop\CoffeeShop\CoffeeShop\src\main\resources
2017-11-26 21:17:44,104 [Worker-79] WARN  o.e.m.c.i.embedder.EclipseLogger - Using platform encoding (Cp1252 actually) to copy filtered resources, i.e. build is platform dependent!
2017-11-26 21:17:44,106 [Worker-79] INFO  o.e.m.c.i.embedder.EclipseLogger - skip non existing resourceDirectory C:\Users\hbm1\Desktop\CoffeeShop\CoffeeShop\src\test\resources
2017-11-26 21:18:00,299 [Worker-80] WARN  o.e.m.c.i.embedder.EclipseLogger - Using platform encoding (Cp1252 actually) to copy filtered resources, i.e. build is platform dependent!
2017-11-26 21:18:00,300 [Worker-80] INFO  o.e.m.c.i.embedder.EclipseLogger - skip non existing resourceDirectory C:\Users\hbm1\Desktop\CoffeeShop\CoffeeShop\src\main\resources
2017-11-26 21:18:00,302 [Worker-80] WARN  o.e.m.c.i.embedder.EclipseLogger - Using platform encoding (Cp1252 actually) to copy filtered resources, i.e. build is platform dependent!
2017-11-26 21:18:00,306 [Worker-80] INFO  o.e.m.c.i.embedder.EclipseLogger - skip non existing resourceDirectory C:\Users\hbm1\Desktop\CoffeeShop\CoffeeShop\src\test\resources
2017-11-26 21:18:14,356 [Worker-79] WARN  o.e.m.c.i.embedder.EclipseLogger - Using platform encoding (Cp1252 actually) to copy filtered resources, i.e. build is platform dependent!
2017-11-26 21:18:14,360 [Worker-79] INFO  o.e.m.c.i.embedder.EclipseLogger - skip non existing resourceDirectory C:\Users\hbm1\Desktop\CoffeeShop\CoffeeShop\src\main\resources
2017-11-26 21:18:14,363 [Worker-79] WARN  o.e.m.c.i.embedder.EclipseLogger - Using platform encoding (Cp1252 actually) to copy filtered resources, i.e. build is platform dependent!
2017-11-26 21:18:14,373 [Worker-79] INFO  o.e.m.c.i.embedder.EclipseLogger - skip non existing resourceDirectory C:\Users\hbm1\Desktop\CoffeeShop\CoffeeShop\src\test\resources
2017-11-26 21:18:56,985 [Worker-81] WARN  o.e.m.c.i.embedder.EclipseLogger - Using platform encoding (Cp1252 actually) to copy filtered resources, i.e. build is platform dependent!
2017-11-26 21:18:56,987 [Worker-81] INFO  o.e.m.c.i.embedder.EclipseLogger - skip non existing resourceDirectory C:\Users\hbm1\Desktop\CoffeeShop\CoffeeShop\src\main\resources
2017-11-26 21:18:56,989 [Worker-81] WARN  o.e.m.c.i.embedder.EclipseLogger - Using platform encoding (Cp1252 actually) to copy filtered resources, i.e. build is platform dependent!
2017-11-26 21:18:56,991 [Worker-81] INFO  o.e.m.c.i.embedder.EclipseLogger - skip non existing resourceDirectory C:\Users\hbm1\Desktop\CoffeeShop\CoffeeShop\src\test\resources
2017-11-26 21:19:09,858 [main] INFO  o.e.m2e.actions.ExecutePomAction - Creating new launch configuration
2017-11-26 21:19:17,696 [Worker-80] INFO  o.e.m.i.launch.MavenLaunchDelegate - C:\Users\hbm1\Desktop\CoffeeShop\CoffeeShop
2017-11-26 21:19:17,697 [Worker-80] INFO  o.e.m.i.launch.MavenLaunchDelegate -  mvn -B clean install
2017-11-26 21:24:43,090 [Worker-79] WARN  o.e.m.c.i.embedder.EclipseLogger - Using platform encoding (Cp1252 actually) to copy filtered resources, i.e. build is platform dependent!
2017-11-26 21:24:43,095 [Worker-79] INFO  o.e.m.c.i.embedder.EclipseLogger - skip non existing resourceDirectory C:\Users\hbm1\Desktop\CoffeeShop\CoffeeShop\src\main\resources
2017-11-26 21:24:43,099 [Worker-79] WARN  o.e.m.c.i.embedder.EclipseLogger - Using platform encoding (Cp1252 actually) to copy filtered resources, i.e. build is platform dependent!
2017-11-26 21:24:43,102 [Worker-79] INFO  o.e.m.c.i.embedder.EclipseLogger - skip non existing resourceDirectory C:\Users\hbm1\Desktop\CoffeeShop\CoffeeShop\src\test\resources
2017-11-26 22:02:14,938 [Worker-95] WARN  o.e.m.c.i.embedder.EclipseLogger - Using platform encoding (Cp1252 actually) to copy filtered resources, i.e. build is platform dependent!
2017-11-26 22:02:14,942 [Worker-95] INFO  o.e.m.c.i.embedder.EclipseLogger - skip non existing resourceDirectory C:\Users\hbm1\Desktop\CoffeeShop\CoffeeShop\src\main\resources
2017-11-26 22:02:14,944 [Worker-95] WARN  o.e.m.c.i.embedder.EclipseLogger - Using platform encoding (Cp1252 actually) to copy filtered resources, i.e. build is platform dependent!
2017-11-26 22:02:14,946 [Worker-95] INFO  o.e.m.c.i.embedder.EclipseLogger - skip non existing resourceDirectory C:\Users\hbm1\Desktop\CoffeeShop\CoffeeShop\src\test\resources
2017-11-26 22:09:34,366 [Worker-96] WARN  o.e.m.c.i.embedder.EclipseLogger - Using platform encoding (Cp1252 actually) to copy filtered resources, i.e. build is platform dependent!
2017-11-26 22:09:34,369 [Worker-96] INFO  o.e.m.c.i.embedder.EclipseLogger - skip non existing resourceDirectory C:\Users\hbm1\Desktop\CoffeeShop\CoffeeShop\src\main\resources
2017-11-26 22:09:34,372 [Worker-96] WARN  o.e.m.c.i.embedder.EclipseLogger - Using platform encoding (Cp1252 actually) to copy filtered resources, i.e. build is platform dependent!
2017-11-26 22:09:34,375 [Worker-96] INFO  o.e.m.c.i.embedder.EclipseLogger - skip non existing resourceDirectory C:\Users\hbm1\Desktop\CoffeeShop\CoffeeShop\src\test\resources
2017-11-26 22:11:46,960 [Worker-82] WARN  o.e.m.c.i.embedder.EclipseLogger - Using platform encoding (Cp1252 actually) to copy filtered resources, i.e. build is platform dependent!
2017-11-26 22:11:46,965 [Worker-82] INFO  o.e.m.c.i.embedder.EclipseLogger - skip non existing resourceDirectory C:\Users\hbm1\Desktop\CoffeeShop\CoffeeShop\src\main\resources
2017-11-26 22:11:46,969 [Worker-82] WARN  o.e.m.c.i.embedder.EclipseLogger - Using platform encoding (Cp1252 actually) to copy filtered resources, i.e. build is platform dependent!
2017-11-26 22:11:46,970 [Worker-82] INFO  o.e.m.c.i.embedder.EclipseLogger - skip non existing resourceDirectory C:\Users\hbm1\Desktop\CoffeeShop\CoffeeShop\src\test\resources
2017-11-26 22:20:32,904 [main] INFO  o.e.m2e.actions.ExecutePomAction - Creating new launch configuration
2017-11-26 22:20:39,993 [Worker-82] INFO  o.e.m.i.launch.MavenLaunchDelegate - C:\Users\hbm1\Desktop\CoffeeShop\CoffeeShop
2017-11-26 22:20:39,994 [Worker-82] INFO  o.e.m.i.launch.MavenLaunchDelegate -  mvn -B clean install
2017-11-26 23:19:09,819 [Worker-111] WARN  o.e.m.c.i.embedder.EclipseLogger - Using platform encoding (Cp1252 actually) to copy filtered resources, i.e. build is platform dependent!
2017-11-26 23:19:09,821 [Worker-111] INFO  o.e.m.c.i.embedder.EclipseLogger - skip non existing resourceDirectory C:\Users\hbm1\Desktop\CoffeeShop\CoffeeShop\src\main\resources
2017-11-26 23:19:09,823 [Worker-111] WARN  o.e.m.c.i.embedder.EclipseLogger - Using platform encoding (Cp1252 actually) to copy filtered resources, i.e. build is platform dependent!
2017-11-26 23:19:09,824 [Worker-111] INFO  o.e.m.c.i.embedder.EclipseLogger - skip non existing resourceDirectory C:\Users\hbm1\Desktop\CoffeeShop\CoffeeShop\src\test\resources
2017-11-26 23:19:43,491 [Worker-119] WARN  o.e.m.c.i.embedder.EclipseLogger - Using platform encoding (Cp1252 actually) to copy filtered resources, i.e. build is platform dependent!
2017-11-26 23:19:43,492 [Worker-119] INFO  o.e.m.c.i.embedder.EclipseLogger - skip non existing resourceDirectory C:\Users\hbm1\Desktop\CoffeeShop\CoffeeShop\src\main\resources
2017-11-26 23:19:43,494 [Worker-119] WARN  o.e.m.c.i.embedder.EclipseLogger - Using platform encoding (Cp1252 actually) to copy filtered resources, i.e. build is platform dependent!
2017-11-26 23:19:43,495 [Worker-119] INFO  o.e.m.c.i.embedder.EclipseLogger - skip non existing resourceDirectory C:\Users\hbm1\Desktop\CoffeeShop\CoffeeShop\src\test\resources
2017-11-27 04:52:58,230 [Worker-125] WARN  o.e.m.c.i.embedder.EclipseLogger - Using platform encoding (Cp1252 actually) to copy filtered resources, i.e. build is platform dependent!
2017-11-27 04:52:58,245 [Worker-125] INFO  o.e.m.c.i.embedder.EclipseLogger - skip non existing resourceDirectory C:\Users\hbm1\Desktop\CoffeeShop\CoffeeShop\src\main\resources
2017-11-27 04:52:58,245 [Worker-125] WARN  o.e.m.c.i.embedder.EclipseLogger - Using platform encoding (Cp1252 actually) to copy filtered resources, i.e. build is platform dependent!
2017-11-27 04:52:58,245 [Worker-125] INFO  o.e.m.c.i.embedder.EclipseLogger - skip non existing resourceDirectory C:\Users\hbm1\Desktop\CoffeeShop\CoffeeShop\src\test\resources
2017-11-27 04:53:21,632 [Worker-128] WARN  o.e.m.c.i.embedder.EclipseLogger - Using platform encoding (Cp1252 actually) to copy filtered resources, i.e. build is platform dependent!
2017-11-27 04:53:21,632 [Worker-128] INFO  o.e.m.c.i.embedder.EclipseLogger - skip non existing resourceDirectory C:\Users\hbm1\Desktop\CoffeeShop\CoffeeShop\src\main\resources
2017-11-27 04:53:21,648 [Worker-128] WARN  o.e.m.c.i.embedder.EclipseLogger - Using platform encoding (Cp1252 actually) to copy filtered resources, i.e. build is platform dependent!
2017-11-27 04:53:21,650 [Worker-128] INFO  o.e.m.c.i.embedder.EclipseLogger - skip non existing resourceDirectory C:\Users\hbm1\Desktop\CoffeeShop\CoffeeShop\src\test\resources
2017-11-27 04:57:43,609 [Worker-128] WARN  o.e.m.c.i.embedder.EclipseLogger - Using platform encoding (Cp1252 actually) to copy filtered resources, i.e. build is platform dependent!
2017-11-27 04:57:43,609 [Worker-128] INFO  o.e.m.c.i.embedder.EclipseLogger - skip non existing resourceDirectory C:\Users\hbm1\Desktop\CoffeeShop\CoffeeShop\src\main\resources
2017-11-27 04:57:43,609 [Worker-128] WARN  o.e.m.c.i.embedder.EclipseLogger - Using platform encoding (Cp1252 actually) to copy filtered resources, i.e. build is platform dependent!
2017-11-27 04:57:43,609 [Worker-128] INFO  o.e.m.c.i.embedder.EclipseLogger - skip non existing resourceDirectory C:\Users\hbm1\Desktop\CoffeeShop\CoffeeShop\src\test\resources
2017-11-27 04:58:34,026 [Worker-125] WARN  o.e.m.c.i.embedder.EclipseLogger - Using platform encoding (Cp1252 actually) to copy filtered resources, i.e. build is platform dependent!
2017-11-27 04:58:34,026 [Worker-125] INFO  o.e.m.c.i.embedder.EclipseLogger - skip non existing resourceDirectory C:\Users\hbm1\Desktop\CoffeeShop\CoffeeShop\src\main\resources
2017-11-27 04:58:34,026 [Worker-125] WARN  o.e.m.c.i.embedder.EclipseLogger - Using platform encoding (Cp1252 actually) to copy filtered resources, i.e. build is platform dependent!
2017-11-27 04:58:34,026 [Worker-125] INFO  o.e.m.c.i.embedder.EclipseLogger - skip non existing resourceDirectory C:\Users\hbm1\Desktop\CoffeeShop\CoffeeShop\src\test\resources
2017-11-27 04:59:01,562 [Worker-128] WARN  o.e.m.c.i.embedder.EclipseLogger - Using platform encoding (Cp1252 actually) to copy filtered resources, i.e. build is platform dependent!
2017-11-27 04:59:01,564 [Worker-128] INFO  o.e.m.c.i.embedder.EclipseLogger - skip non existing resourceDirectory C:\Users\hbm1\Desktop\CoffeeShop\CoffeeShop\src\main\resources
2017-11-27 04:59:01,565 [Worker-128] WARN  o.e.m.c.i.embedder.EclipseLogger - Using platform encoding (Cp1252 actually) to copy filtered resources, i.e. build is platform dependent!
2017-11-27 04:59:01,566 [Worker-128] INFO  o.e.m.c.i.embedder.EclipseLogger - skip non existing resourceDirectory C:\Users\hbm1\Desktop\CoffeeShop\CoffeeShop\src\test\resources
2017-11-27 04:59:59,537 [Worker-119] WARN  o.e.m.c.i.embedder.EclipseLogger - Using platform encoding (Cp1252 actually) to copy filtered resources, i.e. build is platform dependent!
2017-11-27 04:59:59,537 [Worker-119] INFO  o.e.m.c.i.embedder.EclipseLogger - skip non existing resourceDirectory C:\Users\hbm1\Desktop\CoffeeShop\CoffeeShop\src\main\resources
2017-11-27 04:59:59,537 [Worker-119] WARN  o.e.m.c.i.embedder.EclipseLogger - Using platform encoding (Cp1252 actually) to copy filtered resources, i.e. build is platform dependent!
2017-11-27 04:59:59,537 [Worker-119] INFO  o.e.m.c.i.embedder.EclipseLogger - skip non existing resourceDirectory C:\Users\hbm1\Desktop\CoffeeShop\CoffeeShop\src\test\resources
2017-11-27 05:01:16,376 [Worker-128] WARN  o.e.m.c.i.embedder.EclipseLogger - Using platform encoding (Cp1252 actually) to copy filtered resources, i.e. build is platform dependent!
2017-11-27 05:01:16,376 [Worker-128] INFO  o.e.m.c.i.embedder.EclipseLogger - skip non existing resourceDirectory C:\Users\hbm1\Desktop\CoffeeShop\CoffeeShop\src\main\resources
2017-11-27 05:01:16,376 [Worker-128] WARN  o.e.m.c.i.embedder.EclipseLogger - Using platform encoding (Cp1252 actually) to copy filtered resources, i.e. build is platform dependent!
2017-11-27 05:01:16,392 [Worker-128] INFO  o.e.m.c.i.embedder.EclipseLogger - skip non existing resourceDirectory C:\Users\hbm1\Desktop\CoffeeShop\CoffeeShop\src\test\resources
2017-11-27 05:06:10,808 [main] INFO  o.e.m2e.actions.ExecutePomAction - Creating new launch configuration
2017-11-27 05:06:20,343 [Worker-128] INFO  o.e.m.i.launch.MavenLaunchDelegate - C:\Users\hbm1\Desktop\CoffeeShop\CoffeeShop
2017-11-27 05:06:20,343 [Worker-128] INFO  o.e.m.i.launch.MavenLaunchDelegate -  mvn -B clean install
2017-11-27 05:08:14,873 [Worker-130] WARN  o.e.m.c.i.embedder.EclipseLogger - Using platform encoding (Cp1252 actually) to copy filtered resources, i.e. build is platform dependent!
2017-11-27 05:08:14,873 [Worker-130] INFO  o.e.m.c.i.embedder.EclipseLogger - skip non existing resourceDirectory C:\Users\hbm1\Desktop\CoffeeShop\CoffeeShop\src\main\resources
2017-11-27 05:08:14,873 [Worker-130] WARN  o.e.m.c.i.embedder.EclipseLogger - Using platform encoding (Cp1252 actually) to copy filtered resources, i.e. build is platform dependent!
2017-11-27 05:08:14,873 [Worker-130] INFO  o.e.m.c.i.embedder.EclipseLogger - skip non existing resourceDirectory C:\Users\hbm1\Desktop\CoffeeShop\CoffeeShop\src\test\resources
2017-11-27 05:09:20,417 [main] INFO  o.e.m2e.actions.ExecutePomAction - Creating new launch configuration
2017-11-27 05:09:29,250 [Worker-129] INFO  o.e.m.i.launch.MavenLaunchDelegate - C:\Users\hbm1\Desktop\CoffeeShop\CoffeeShop
2017-11-27 05:09:29,250 [Worker-129] INFO  o.e.m.i.launch.MavenLaunchDelegate -  mvn -B clean install
2017-11-27 05:11:18,839 [Worker-132] WARN  o.e.m.c.i.embedder.EclipseLogger - Using platform encoding (Cp1252 actually) to copy filtered resources, i.e. build is platform dependent!
2017-11-27 05:11:18,839 [Worker-132] INFO  o.e.m.c.i.embedder.EclipseLogger - skip non existing resourceDirectory C:\Users\hbm1\Desktop\CoffeeShop\CoffeeShop\src\main\resources
2017-11-27 05:11:18,839 [Worker-132] WARN  o.e.m.c.i.embedder.EclipseLogger - Using platform encoding (Cp1252 actually) to copy filtered resources, i.e. build is platform dependent!
2017-11-27 05:11:18,855 [Worker-132] INFO  o.e.m.c.i.embedder.EclipseLogger - skip non existing resourceDirectory C:\Users\hbm1\Desktop\CoffeeShop\CoffeeShop\src\test\resources
2017-11-27 05:13:26,509 [Worker-127] WARN  o.e.m.c.i.embedder.EclipseLogger - Using platform encoding (Cp1252 actually) to copy filtered resources, i.e. build is platform dependent!
2017-11-27 05:13:26,509 [Worker-127] INFO  o.e.m.c.i.embedder.EclipseLogger - skip non existing resourceDirectory C:\Users\hbm1\Desktop\CoffeeShop\CoffeeShop\src\main\resources
2017-11-27 05:13:26,509 [Worker-127] WARN  o.e.m.c.i.embedder.EclipseLogger - Using platform encoding (Cp1252 actually) to copy filtered resources, i.e. build is platform dependent!
2017-11-27 05:13:26,509 [Worker-127] INFO  o.e.m.c.i.embedder.EclipseLogger - skip non existing resourceDirectory C:\Users\hbm1\Desktop\CoffeeShop\CoffeeShop\src\test\resources
2017-11-27 05:18:32,484 [Worker-136] WARN  o.e.m.c.i.embedder.EclipseLogger - Using platform encoding (Cp1252 actually) to copy filtered resources, i.e. build is platform dependent!
2017-11-27 05:18:32,484 [Worker-136] INFO  o.e.m.c.i.embedder.EclipseLogger - skip non existing resourceDirectory C:\Users\hbm1\Desktop\CoffeeShop\CoffeeShop\src\main\resources
2017-11-27 05:18:32,500 [Worker-136] WARN  o.e.m.c.i.embedder.EclipseLogger - Using platform encoding (Cp1252 actually) to copy filtered resources, i.e. build is platform dependent!
2017-11-27 05:18:32,500 [Worker-136] INFO  o.e.m.c.i.embedder.EclipseLogger - skip non existing resourceDirectory C:\Users\hbm1\Desktop\CoffeeShop\CoffeeShop\src\test\resources
2017-11-27 08:52:48,787 [Worker-148] WARN  o.e.m.c.i.embedder.EclipseLogger - Using platform encoding (Cp1252 actually) to copy filtered resources, i.e. build is platform dependent!
2017-11-27 08:52:48,803 [Worker-148] INFO  o.e.m.c.i.embedder.EclipseLogger - skip non existing resourceDirectory C:\Users\hbm1\Desktop\CoffeeShop\CoffeeShop\src\main\resources
2017-11-27 08:52:48,803 [Worker-148] WARN  o.e.m.c.i.embedder.EclipseLogger - Using platform encoding (Cp1252 actually) to copy filtered resources, i.e. build is platform dependent!
2017-11-27 08:52:48,803 [Worker-148] INFO  o.e.m.c.i.embedder.EclipseLogger - skip non existing resourceDirectory C:\Users\hbm1\Desktop\CoffeeShop\CoffeeShop\src\test\resources
2017-11-27 08:54:19,968 [Worker-150] INFO  o.e.m.c.i.l.LifecycleMappingFactory - Using org.maven.ide.eclipse.wtp.WarLifecycleMapping lifecycle mapping for MavenProject: CoffeeShop:CoffeeShop:0.0.1-SNAPSHOT @ C:\Users\hbm1\Desktop\CoffeeShop\CoffeeShop\pom.xml.
2017-11-27 08:54:21,034 [Worker-150] WARN  o.e.m.c.i.embedder.EclipseLogger - Using platform encoding (Cp1252 actually) to copy filtered resources, i.e. build is platform dependent!
2017-11-27 08:54:21,035 [Worker-150] INFO  o.e.m.c.i.embedder.EclipseLogger - skip non existing resourceDirectory C:\Users\hbm1\Desktop\CoffeeShop\CoffeeShop\src\main\resources
2017-11-27 08:54:21,059 [Worker-150] WARN  o.e.m.c.i.embedder.EclipseLogger - Using platform encoding (Cp1252 actually) to copy filtered resources, i.e. build is platform dependent!
2017-11-27 08:54:21,061 [Worker-150] INFO  o.e.m.c.i.embedder.EclipseLogger - skip non existing resourceDirectory C:\Users\hbm1\Desktop\CoffeeShop\CoffeeShop\src\test\resources
2017-11-27 08:54:21,061 [Worker-150] INFO  o.e.m.w.i.f.ResourceFilteringBuildParticipant - Changed resources require a complete clean of filtered resources of CoffeeShop
2017-11-27 08:54:21,062 [Worker-150] INFO  o.e.m.w.i.f.ResourceFilteringBuildParticipant - Executing resource filtering for CoffeeShop
2017-11-27 08:54:21,067 [Worker-150] WARN  o.e.m.c.i.embedder.EclipseLogger - Using platform encoding (Cp1252 actually) to copy filtered resources, i.e. build is platform dependent!
2017-11-27 08:54:22,401 [Worker-148] WARN  o.e.m.c.i.embedder.EclipseLogger - Using platform encoding (Cp1252 actually) to copy filtered resources, i.e. build is platform dependent!
2017-11-27 08:54:22,404 [Worker-148] INFO  o.e.m.c.i.embedder.EclipseLogger - skip non existing resourceDirectory C:\Users\hbm1\Desktop\CoffeeShop\CoffeeShop\src\main\resources
2017-11-27 08:54:22,405 [Worker-148] WARN  o.e.m.c.i.embedder.EclipseLogger - Using platform encoding (Cp1252 actually) to copy filtered resources, i.e. build is platform dependent!
2017-11-27 08:54:22,406 [Worker-148] INFO  o.e.m.c.i.embedder.EclipseLogger - skip non existing resourceDirectory C:\Users\hbm1\Desktop\CoffeeShop\CoffeeShop\src\test\resources
2017-11-27 08:54:29,626 [Worker-149] INFO  o.e.m.c.i.p.ProjectConfigurationManager - Update started
2017-11-27 08:54:30,052 [Worker-149] INFO  o.e.m.c.i.l.LifecycleMappingFactory - Using org.maven.ide.eclipse.wtp.WarLifecycleMapping lifecycle mapping for MavenProject: CoffeeShop:CoffeeShop:0.0.1-SNAPSHOT @ C:\Users\hbm1\Desktop\CoffeeShop\CoffeeShop\pom.xml.
2017-11-27 08:54:30,928 [Worker-149] INFO  o.e.m.j.i.AbstractJavaProjectConfigurator - Adding source folder /CoffeeShop/src
2017-11-27 08:54:30,928 [Worker-149] INFO  o.e.m.j.i.AbstractJavaProjectConfigurator - Not adding source folder /CoffeeShop/src/test/java because it overlaps with /CoffeeShop/src
2017-11-27 08:54:31,165 [Worker-149] ERROR o.e.m2e.wtp.WTPProjectConfigurator - Unable to configure CoffeeShop
org.eclipse.m2e.wtp.MarkedException: Unable to configure CoffeeShop
	at org.eclipse.m2e.wtp.AbstractProjectConfiguratorDelegate.configureProject(AbstractProjectConfiguratorDelegate.java:99) ~[na:na]
	at org.eclipse.m2e.wtp.WTPProjectConfigurator.configure(WTPProjectConfigurator.java:68) ~[na:na]
	at org.eclipse.m2e.core.project.configurator.AbstractLifecycleMapping.configure(AbstractLifecycleMapping.java:120) [org.eclipse.m2e.core_1.8.2.20171007-0217.jar:na]
	at org.eclipse.m2e.core.internal.project.ProjectConfigurationManager$3.call(ProjectConfigurationManager.java:508) [org.eclipse.m2e.core_1.8.2.20171007-0217.jar:na]
	at org.eclipse.m2e.core.internal.project.ProjectConfigurationManager$3.call(ProjectConfigurationManager.java:1) [org.eclipse.m2e.core_1.8.2.20171007-0217.jar:na]
	at org.eclipse.m2e.core.internal.embedder.MavenExecutionContext.executeBare(MavenExecutionContext.java:177) [org.eclipse.m2e.core_1.8.2.20171007-0217.jar:na]
	at org.eclipse.m2e.core.internal.embedder.MavenExecutionContext.execute(MavenExecutionContext.java:151) [org.eclipse.m2e.core_1.8.2.20171007-0217.jar:na]
	at org.eclipse.m2e.core.internal.project.ProjectConfigurationManager.updateProjectConfiguration(ProjectConfigurationManager.java:501) [org.eclipse.m2e.core_1.8.2.20171007-0217.jar:na]
	at org.eclipse.m2e.core.internal.project.ProjectConfigurationManager.updateProjectConfiguration0(ProjectConfigurationManager.java:439) [org.eclipse.m2e.core_1.8.2.20171007-0217.jar:na]
	at org.eclipse.m2e.core.internal.project.ProjectConfigurationManager$2.call(ProjectConfigurationManager.java:352) [org.eclipse.m2e.core_1.8.2.20171007-0217.jar:na]
	at org.eclipse.m2e.core.internal.project.ProjectConfigurationManager$2.call(ProjectConfigurationManager.java:1) [org.eclipse.m2e.core_1.8.2.20171007-0217.jar:na]
	at org.eclipse.m2e.core.internal.embedder.MavenExecutionContext.executeBare(MavenExecutionContext.java:177) [org.eclipse.m2e.core_1.8.2.20171007-0217.jar:na]
	at org.eclipse.m2e.core.internal.embedder.MavenExecutionContext.execute(MavenExecutionContext.java:151) [org.eclipse.m2e.core_1.8.2.20171007-0217.jar:na]
	at org.eclipse.m2e.core.internal.embedder.MavenExecutionContext.execute(MavenExecutionContext.java:99) [org.eclipse.m2e.core_1.8.2.20171007-0217.jar:na]
	at org.eclipse.m2e.core.internal.embedder.MavenImpl.execute(MavenImpl.java:1351) [org.eclipse.m2e.core_1.8.2.20171007-0217.jar:na]
	at org.eclipse.m2e.core.internal.project.ProjectConfigurationManager.updateProjectConfiguration(ProjectConfigurationManager.java:349) [org.eclipse.m2e.core_1.8.2.20171007-0217.jar:na]
	at org.eclipse.m2e.core.ui.internal.UpdateMavenProjectJob.runInWorkspace(UpdateMavenProjectJob.java:77) [org.eclipse.m2e.core.ui_1.8.2.20171007-0217.jar:na]
	at org.eclipse.core.internal.resources.InternalWorkspaceJob.run(InternalWorkspaceJob.java:39) [org.eclipse.core.resources_3.12.0.v20170417-1558.jar:na]
	at org.eclipse.core.internal.jobs.Worker.run(Worker.java:56) [org.eclipse.core.jobs_3.9.1.v20170714-0547.jar:na]
Caused by: org.eclipse.core.runtime.CoreException: One or more constraints have not been satisfied.
	at org.eclipse.wst.common.project.facet.core.internal.FacetedProject.modifyInternal(FacetedProject.java:363) ~[na:na]
	at org.eclipse.wst.common.project.facet.core.internal.FacetedProject.mergeChangesInternal(FacetedProject.java:1181) ~[na:na]
	at org.eclipse.wst.common.project.facet.core.internal.FacetedProject.access$2(FacetedProject.java:1117) ~[na:na]
	at org.eclipse.wst.common.project.facet.core.internal.FacetedProject$1.run(FacetedProject.java:324) ~[na:na]
	at org.eclipse.core.internal.resources.Workspace.run(Workspace.java:2240) ~[org.eclipse.core.resources_3.12.0.v20170417-1558.jar:na]
	at org.eclipse.core.internal.resources.Workspace.run(Workspace.java:2267) ~[org.eclipse.core.resources_3.12.0.v20170417-1558.jar:na]
	at org.eclipse.wst.common.project.facet.core.internal.FacetedProject.modify(FacetedProject.java:339) ~[na:na]
	at org.eclipse.m2e.wtp.WebProjectConfiguratorDelegate.configure(WebProjectConfiguratorDelegate.java:136) ~[na:na]
	at org.eclipse.m2e.wtp.AbstractProjectConfiguratorDelegate.configureProject(AbstractProjectConfiguratorDelegate.java:95) ~[na:na]
	... 18 common frames omitted
2017-11-27 08:54:31,617 [Worker-149] INFO  o.e.m.w.i.f.ResourceFilteringBuildParticipant - Cleaning filtered folder for CoffeeShop
2017-11-27 08:54:31,647 [Worker-149] INFO  o.e.m.c.i.p.ProjectConfigurationManager - Update completed: 2 sec
2017-11-27 08:54:32,083 [Worker-119] WARN  o.e.m.c.i.embedder.EclipseLogger - Using platform encoding (Cp1252 actually) to copy filtered resources, i.e. build is platform dependent!
2017-11-27 08:54:32,084 [Worker-119] INFO  o.e.m.c.i.embedder.EclipseLogger - skip non existing resourceDirectory C:\Users\hbm1\Desktop\CoffeeShop\CoffeeShop\src\main\resources
2017-11-27 08:54:32,086 [Worker-119] WARN  o.e.m.c.i.embedder.EclipseLogger - Using platform encoding (Cp1252 actually) to copy filtered resources, i.e. build is platform dependent!
2017-11-27 08:54:32,087 [Worker-119] INFO  o.e.m.c.i.embedder.EclipseLogger - skip non existing resourceDirectory C:\Users\hbm1\Desktop\CoffeeShop\CoffeeShop\src\test\resources
2017-11-27 08:54:32,088 [Worker-119] INFO  o.e.m.w.i.f.ResourceFilteringBuildParticipant - Changed resources require a complete clean of filtered resources of CoffeeShop
2017-11-27 08:54:32,088 [Worker-119] INFO  o.e.m.w.i.f.ResourceFilteringBuildParticipant - Executing resource filtering for CoffeeShop
2017-11-27 08:54:32,105 [Worker-119] WARN  o.e.m.c.i.embedder.EclipseLogger - Using platform encoding (Cp1252 actually) to copy filtered resources, i.e. build is platform dependent!
2017-11-27 08:55:41,262 [Worker-1] INFO  c.g.t.t.d.PublishedGradleVersions - Gradle version information cache is up-to-date. Trying to read.
2017-11-27 08:55:45,111 [Worker-2] WARN  o.e.m.c.i.embedder.EclipseLogger - Using platform encoding (Cp1252 actually) to copy filtered resources, i.e. build is platform dependent!
2017-11-27 08:55:45,113 [Worker-2] INFO  o.e.m.c.i.embedder.EclipseLogger - skip non existing resourceDirectory C:\Users\hbm1\Desktop\CoffeeShop\CoffeeShop\src\main\resources
2017-11-27 08:55:45,115 [Worker-2] WARN  o.e.m.c.i.embedder.EclipseLogger - Using platform encoding (Cp1252 actually) to copy filtered resources, i.e. build is platform dependent!
2017-11-27 08:55:45,118 [Worker-2] INFO  o.e.m.c.i.embedder.EclipseLogger - skip non existing resourceDirectory C:\Users\hbm1\Desktop\CoffeeShop\CoffeeShop\src\test\resources
2017-11-27 08:56:21,791 [Worker-14] INFO  o.e.m.c.i.p.ProjectConfigurationManager - Update started
2017-11-27 08:56:22,335 [Worker-14] INFO  o.e.m.c.i.l.LifecycleMappingFactory - Using org.maven.ide.eclipse.wtp.WarLifecycleMapping lifecycle mapping for MavenProject: CoffeeShop:CoffeeShop:0.0.1-SNAPSHOT @ C:\Users\hbm1\Desktop\CoffeeShop\CoffeeShop\pom.xml.
2017-11-27 08:56:23,606 [Worker-14] INFO  o.e.m.j.i.AbstractJavaProjectConfigurator - Adding source folder /CoffeeShop/src
2017-11-27 08:56:23,607 [Worker-14] INFO  o.e.m.j.i.AbstractJavaProjectConfigurator - Not adding source folder /CoffeeShop/src/test/java because it overlaps with /CoffeeShop/src
2017-11-27 08:56:23,870 [Worker-14] ERROR o.e.m2e.wtp.WTPProjectConfigurator - Unable to configure CoffeeShop
org.eclipse.m2e.wtp.MarkedException: Unable to configure CoffeeShop
	at org.eclipse.m2e.wtp.AbstractProjectConfiguratorDelegate.configureProject(AbstractProjectConfiguratorDelegate.java:99) ~[na:na]
	at org.eclipse.m2e.wtp.WTPProjectConfigurator.configure(WTPProjectConfigurator.java:68) ~[na:na]
	at org.eclipse.m2e.core.project.configurator.AbstractLifecycleMapping.configure(AbstractLifecycleMapping.java:120) [org.eclipse.m2e.core_1.8.2.20171007-0217.jar:na]
	at org.eclipse.m2e.core.internal.project.ProjectConfigurationManager$3.call(ProjectConfigurationManager.java:508) [org.eclipse.m2e.core_1.8.2.20171007-0217.jar:na]
	at org.eclipse.m2e.core.internal.project.ProjectConfigurationManager$3.call(ProjectConfigurationManager.java:1) [org.eclipse.m2e.core_1.8.2.20171007-0217.jar:na]
	at org.eclipse.m2e.core.internal.embedder.MavenExecutionContext.executeBare(MavenExecutionContext.java:177) [org.eclipse.m2e.core_1.8.2.20171007-0217.jar:na]
	at org.eclipse.m2e.core.internal.embedder.MavenExecutionContext.execute(MavenExecutionContext.java:151) [org.eclipse.m2e.core_1.8.2.20171007-0217.jar:na]
	at org.eclipse.m2e.core.internal.project.ProjectConfigurationManager.updateProjectConfiguration(ProjectConfigurationManager.java:501) [org.eclipse.m2e.core_1.8.2.20171007-0217.jar:na]
	at org.eclipse.m2e.core.internal.project.ProjectConfigurationManager.updateProjectConfiguration0(ProjectConfigurationManager.java:439) [org.eclipse.m2e.core_1.8.2.20171007-0217.jar:na]
	at org.eclipse.m2e.core.internal.project.ProjectConfigurationManager$2.call(ProjectConfigurationManager.java:352) [org.eclipse.m2e.core_1.8.2.20171007-0217.jar:na]
	at org.eclipse.m2e.core.internal.project.ProjectConfigurationManager$2.call(ProjectConfigurationManager.java:1) [org.eclipse.m2e.core_1.8.2.20171007-0217.jar:na]
	at org.eclipse.m2e.core.internal.embedder.MavenExecutionContext.executeBare(MavenExecutionContext.java:177) [org.eclipse.m2e.core_1.8.2.20171007-0217.jar:na]
	at org.eclipse.m2e.core.internal.embedder.MavenExecutionContext.execute(MavenExecutionContext.java:151) [org.eclipse.m2e.core_1.8.2.20171007-0217.jar:na]
	at org.eclipse.m2e.core.internal.embedder.MavenExecutionContext.execute(MavenExecutionContext.java:99) [org.eclipse.m2e.core_1.8.2.20171007-0217.jar:na]
	at org.eclipse.m2e.core.internal.embedder.MavenImpl.execute(MavenImpl.java:1351) [org.eclipse.m2e.core_1.8.2.20171007-0217.jar:na]
	at org.eclipse.m2e.core.internal.project.ProjectConfigurationManager.updateProjectConfiguration(ProjectConfigurationManager.java:349) [org.eclipse.m2e.core_1.8.2.20171007-0217.jar:na]
	at org.eclipse.m2e.core.ui.internal.UpdateMavenProjectJob.runInWorkspace(UpdateMavenProjectJob.java:77) [org.eclipse.m2e.core.ui_1.8.2.20171007-0217.jar:na]
	at org.eclipse.core.internal.resources.InternalWorkspaceJob.run(InternalWorkspaceJob.java:39) [org.eclipse.core.resources_3.12.0.v20170417-1558.jar:na]
	at org.eclipse.core.internal.jobs.Worker.run(Worker.java:56) [org.eclipse.core.jobs_3.9.1.v20170714-0547.jar:na]
Caused by: org.eclipse.core.runtime.CoreException: One or more constraints have not been satisfied.
	at org.eclipse.wst.common.project.facet.core.internal.FacetedProject.modifyInternal(FacetedProject.java:363) ~[na:na]
	at org.eclipse.wst.common.project.facet.core.internal.FacetedProject.mergeChangesInternal(FacetedProject.java:1181) ~[na:na]
	at org.eclipse.wst.common.project.facet.core.internal.FacetedProject.access$2(FacetedProject.java:1117) ~[na:na]
	at org.eclipse.wst.common.project.facet.core.internal.FacetedProject$1.run(FacetedProject.java:324) ~[na:na]
	at org.eclipse.core.internal.resources.Workspace.run(Workspace.java:2240) ~[org.eclipse.core.resources_3.12.0.v20170417-1558.jar:na]
	at org.eclipse.core.internal.resources.Workspace.run(Workspace.java:2267) ~[org.eclipse.core.resources_3.12.0.v20170417-1558.jar:na]
	at org.eclipse.wst.common.project.facet.core.internal.FacetedProject.modify(FacetedProject.java:339) ~[na:na]
	at org.eclipse.m2e.wtp.WebProjectConfiguratorDelegate.configure(WebProjectConfiguratorDelegate.java:136) ~[na:na]
	at org.eclipse.m2e.wtp.AbstractProjectConfiguratorDelegate.configureProject(AbstractProjectConfiguratorDelegate.java:95) ~[na:na]
	... 18 common frames omitted
2017-11-27 08:56:24,315 [Worker-14] INFO  o.e.m.w.i.f.ResourceFilteringBuildParticipant - Cleaning filtered folder for CoffeeShop
2017-11-27 08:56:24,323 [Worker-14] INFO  o.e.m.c.i.p.ProjectConfigurationManager - Update completed: 2 sec
2017-11-27 08:56:24,799 [Worker-2] WARN  o.e.m.c.i.embedder.EclipseLogger - Using platform encoding (Cp1252 actually) to copy filtered resources, i.e. build is platform dependent!
2017-11-27 08:56:24,801 [Worker-2] INFO  o.e.m.c.i.embedder.EclipseLogger - skip non existing resourceDirectory C:\Users\hbm1\Desktop\CoffeeShop\CoffeeShop\src\main\resources
2017-11-27 08:56:24,803 [Worker-2] WARN  o.e.m.c.i.embedder.EclipseLogger - Using platform encoding (Cp1252 actually) to copy filtered resources, i.e. build is platform dependent!
2017-11-27 08:56:24,805 [Worker-2] INFO  o.e.m.c.i.embedder.EclipseLogger - skip non existing resourceDirectory C:\Users\hbm1\Desktop\CoffeeShop\CoffeeShop\src\test\resources
2017-11-27 08:56:24,806 [Worker-2] INFO  o.e.m.w.i.f.ResourceFilteringBuildParticipant - Changed resources require a complete clean of filtered resources of CoffeeShop
2017-11-27 08:56:24,807 [Worker-2] INFO  o.e.m.w.i.f.ResourceFilteringBuildParticipant - Executing resource filtering for CoffeeShop
2017-11-27 08:56:24,827 [Worker-2] WARN  o.e.m.c.i.embedder.EclipseLogger - Using platform encoding (Cp1252 actually) to copy filtered resources, i.e. build is platform dependent!
2017-11-27 08:56:43,710 [Worker-8] INFO  o.e.m.w.i.f.ResourceFilteringBuildParticipant - Cleaning filtered folder for CoffeeShop
2017-11-27 08:56:44,135 [Worker-1] WARN  o.e.m.c.i.embedder.EclipseLogger - Using platform encoding (Cp1252 actually) to copy filtered resources, i.e. build is platform dependent!
2017-11-27 08:56:44,136 [Worker-1] INFO  o.e.m.c.i.embedder.EclipseLogger - skip non existing resourceDirectory C:\Users\hbm1\Desktop\CoffeeShop\CoffeeShop\src\main\resources
2017-11-27 08:56:44,138 [Worker-1] WARN  o.e.m.c.i.embedder.EclipseLogger - Using platform encoding (Cp1252 actually) to copy filtered resources, i.e. build is platform dependent!
2017-11-27 08:56:44,141 [Worker-1] INFO  o.e.m.c.i.embedder.EclipseLogger - skip non existing resourceDirectory C:\Users\hbm1\Desktop\CoffeeShop\CoffeeShop\src\test\resources
2017-11-27 08:56:44,143 [Worker-1] INFO  o.e.m.w.i.f.ResourceFilteringBuildParticipant - Changed resources require a complete clean of filtered resources of CoffeeShop
2017-11-27 08:56:44,143 [Worker-1] INFO  o.e.m.w.i.f.ResourceFilteringBuildParticipant - Executing resource filtering for CoffeeShop
2017-11-27 08:56:44,147 [Worker-1] WARN  o.e.m.c.i.embedder.EclipseLogger - Using platform encoding (Cp1252 actually) to copy filtered resources, i.e. build is platform dependent!
2017-11-27 08:58:38,066 [Worker-0] WARN  o.e.m.c.i.embedder.EclipseLogger - Using platform encoding (Cp1252 actually) to copy filtered resources, i.e. build is platform dependent!
2017-11-27 08:58:38,067 [Worker-0] INFO  o.e.m.c.i.embedder.EclipseLogger - skip non existing resourceDirectory C:\Users\hbm1\Desktop\CoffeeShop\CoffeeShop\src\main\resources
2017-11-27 08:58:38,069 [Worker-0] WARN  o.e.m.c.i.embedder.EclipseLogger - Using platform encoding (Cp1252 actually) to copy filtered resources, i.e. build is platform dependent!
2017-11-27 08:58:38,070 [Worker-0] INFO  o.e.m.c.i.embedder.EclipseLogger - skip non existing resourceDirectory C:\Users\hbm1\Desktop\CoffeeShop\CoffeeShop\src\test\resources
2017-11-27 08:59:42,286 [Worker-2] WARN  o.e.m.c.i.embedder.EclipseLogger - Using platform encoding (Cp1252 actually) to copy filtered resources, i.e. build is platform dependent!
2017-11-27 08:59:42,288 [Worker-2] INFO  o.e.m.c.i.embedder.EclipseLogger - skip non existing resourceDirectory C:\Users\hbm1\Desktop\CoffeeShop\CoffeeShop\src\main\resources
2017-11-27 08:59:42,289 [Worker-2] WARN  o.e.m.c.i.embedder.EclipseLogger - Using platform encoding (Cp1252 actually) to copy filtered resources, i.e. build is platform dependent!
2017-11-27 08:59:42,291 [Worker-2] INFO  o.e.m.c.i.embedder.EclipseLogger - skip non existing resourceDirectory C:\Users\hbm1\Desktop\CoffeeShop\CoffeeShop\src\test\resources
